INFO 2025-09-29 11:34:02,638 autoreload 18608 20004 Watching for file changes with StatReloader
INFO 2025-09-29 11:34:18,166 basehttp 18608 10796 "GET /admin HTTP/1.1" 301 0
INFO 2025-09-29 11:34:18,205 basehttp 18608 16808 "GET /admin/ HTTP/1.1" 302 0
INFO 2025-09-29 11:34:18,384 basehttp 18608 16808 "GET /admin/login/?next=/admin/ HTTP/1.1" 200 4221
INFO 2025-09-29 11:34:18,680 basehttp 18608 12500 "GET /static/admin/css/responsive.css HTTP/1.1" 200 18533
INFO 2025-09-29 11:34:18,700 basehttp 18608 9220 "GET /static/admin/css/dark_mode.css HTTP/1.1" 200 2929
INFO 2025-09-29 11:34:18,708 basehttp 18608 12500 "GET /static/admin/js/nav_sidebar.js HTTP/1.1" 200 3063
INFO 2025-09-29 11:34:18,734 basehttp 18608 10444 "GET /static/admin/css/nav_sidebar.css HTTP/1.1" 200 2694
INFO 2025-09-29 11:34:18,734 basehttp 18608 16808 "GET /static/admin/css/base.css HTTP/1.1" 200 21207
INFO 2025-09-29 11:34:18,764 basehttp 18608 11448 "GET /static/admin/css/login.css HTTP/1.1" 200 958
INFO 2025-09-29 11:34:18,844 basehttp 18608 18720 "GET /static/admin/js/theme.js HTTP/1.1" 200 1943
WARNING 2025-09-29 11:34:18,954 log 18608 18720 Not Found: /favicon.ico
WARNING 2025-09-29 11:34:18,954 basehttp 18608 18720 "GET /favicon.ico HTTP/1.1" 404 2607
INFO 2025-09-29 11:34:24,424 basehttp 18608 18720 "POST /admin/login/?next=/admin/ HTTP/1.1" 302 0
INFO 2025-09-29 11:34:24,528 basehttp 18608 18720 "GET /admin/ HTTP/1.1" 200 12866
INFO 2025-09-29 11:34:24,565 basehttp 18608 18720 "GET /static/admin/css/dashboard.css HTTP/1.1" 200 441
INFO 2025-09-29 11:34:24,597 basehttp 18608 18720 "GET /static/admin/img/icon-addlink.svg HTTP/1.1" 200 331
INFO 2025-09-29 11:34:24,604 basehttp 18608 11448 "GET /static/admin/img/icon-changelink.svg HTTP/1.1" 200 380
ERROR 2025-09-29 11:34:33,711 log 18608 6136 Internal Server Error: /
Traceback (most recent call last):
  File "C:\Users\fassf\Desktop\ik_sistemi\venv\Lib\site-packages\django\core\handlers\exception.py", line 55, in inner
    response = get_response(request)
  File "C:\Users\fassf\Desktop\ik_sistemi\venv\Lib\site-packages\django\core\handlers\base.py", line 220, in _get_response
    response = response.render()
  File "C:\Users\fassf\Desktop\ik_sistemi\venv\Lib\site-packages\django\template\response.py", line 114, in render
    self.content = self.rendered_content
                   ^^^^^^^^^^^^^^^^^^^^^
  File "C:\Users\fassf\Desktop\ik_sistemi\venv\Lib\site-packages\django\template\response.py", line 90, in rendered_content
    template = self.resolve_template(self.template_name)
  File "C:\Users\fassf\Desktop\ik_sistemi\venv\Lib\site-packages\django\template\response.py", line 72, in resolve_template
    return select_template(template, using=self.using)
  File "C:\Users\fassf\Desktop\ik_sistemi\venv\Lib\site-packages\django\template\loader.py", line 42, in select_template
    return engine.get_template(template_name)
           ~~~~~~~~~~~~~~~~~~~^^^^^^^^^^^^^^^
  File "C:\Users\fassf\Desktop\ik_sistemi\venv\Lib\site-packages\django\template\backends\django.py", line 33, in get_template
    return Template(self.engine.get_template(template_name), self)
                    ~~~~~~~~~~~~~~~~~~~~~~~~^^^^^^^^^^^^^^^
  File "C:\Users\fassf\Desktop\ik_sistemi\venv\Lib\site-packages\django\template\engine.py", line 175, in get_template
    template, origin = self.find_template(template_name)
                       ~~~~~~~~~~~~~~~~~~^^^^^^^^^^^^^^^
  File "C:\Users\fassf\Desktop\ik_sistemi\venv\Lib\site-packages\django\template\engine.py", line 157, in find_template
    template = loader.get_template(name, skip=skip)
  File "C:\Users\fassf\Desktop\ik_sistemi\venv\Lib\site-packages\django\template\loaders\cached.py", line 57, in get_template
    template = super().get_template(template_name, skip)
  File "C:\Users\fassf\Desktop\ik_sistemi\venv\Lib\site-packages\django\template\loaders\base.py", line 23, in get_template
    contents = self.get_contents(origin)
  File "C:\Users\fassf\Desktop\ik_sistemi\venv\Lib\site-packages\django\template\loaders\cached.py", line 26, in get_contents
    return origin.loader.get_contents(origin)
           ~~~~~~~~~~~~~~~~~~~~~~~~~~^^^^^^^^
  File "C:\Users\fassf\Desktop\ik_sistemi\venv\Lib\site-packages\django\template\loaders\filesystem.py", line 23, in get_contents
    return fp.read()
           ~~~~~~~^^
  File "<frozen codecs>", line 325, in decode
UnicodeDecodeError: 'utf-8' codec can't decode byte 0x98 in position 171: invalid start byte
ERROR 2025-09-29 11:34:33,718 basehttp 18608 6136 "GET / HTTP/1.1" 500 138748
INFO 2025-09-29 11:35:56,410 basehttp 18608 20044 "GET /api/ HTTP/1.1" 200 5626
INFO 2025-09-29 11:35:56,458 basehttp 18608 16112 "GET /static/rest_framework/css/prettify.css HTTP/1.1" 200 817
INFO 2025-09-29 11:35:56,458 basehttp 18608 11448 "GET /static/rest_framework/css/default.css HTTP/1.1" 200 1152
INFO 2025-09-29 11:35:56,459 basehttp 18608 3052 "GET /static/rest_framework/css/bootstrap-tweaks.css HTTP/1.1" 200 3385
INFO 2025-09-29 11:35:56,467 basehttp 18608 20044 "GET /static/rest_framework/css/bootstrap.min.css HTTP/1.1" 200 121457
INFO 2025-09-29 11:35:56,485 basehttp 18608 3640 "GET /static/rest_framework/js/ajax-form.js HTTP/1.1" 200 3597
INFO 2025-09-29 11:35:56,496 basehttp 18608 20044 "GET /static/rest_framework/js/default.js HTTP/1.1" 200 1268
INFO 2025-09-29 11:35:56,498 basehttp 18608 16112 "GET /static/rest_framework/js/csrf.js HTTP/1.1" 200 1719
INFO 2025-09-29 11:35:56,503 basehttp 18608 3640 "GET /static/rest_framework/img/grid.png HTTP/1.1" 200 1458
INFO 2025-09-29 11:35:56,523 basehttp 18608 3052 "GET /static/rest_framework/js/prettify-min.js HTTP/1.1" 200 13632
INFO 2025-09-29 11:35:56,533 basehttp 18608 11448 "GET /static/rest_framework/js/bootstrap.min.js HTTP/1.1" 200 39680
INFO 2025-09-29 11:35:56,547 basehttp 18608 9668 "GET /static/rest_framework/js/jquery-3.5.1.min.js HTTP/1.1" 200 89476
INFO 2025-09-29 11:36:03,487 basehttp 18608 8904 "GET /api/adaylar/ HTTP/1.1" 200 11335
INFO 2025-09-29 11:36:03,613 basehttp 18608 8904 "GET /static/rest_framework/fonts/glyphicons-halflings-regular.woff2 HTTP/1.1" 200 18028
INFO 2025-09-29 11:36:07,689 basehttp 18608 14196 "GET /api/aday-akis/ HTTP/1.1" 200 10271
INFO 2025-09-29 11:36:12,545 basehttp 18608 14196 "GET /api/is-ilanlari/ HTTP/1.1" 200 11725
WARNING 2025-09-29 11:37:16,321 log 18608 2280 Method Not Allowed: /api/token/refresh/
WARNING 2025-09-29 11:37:16,324 basehttp 18608 2280 "GET /api/token/refresh/ HTTP/1.1" 405 7560
WARNING 2025-09-29 11:37:23,548 log 18608 2280 Method Not Allowed: /api/token/
WARNING 2025-09-29 11:37:23,552 basehttp 18608 2280 "GET /api/token/ HTTP/1.1" 405 7745
INFO 2025-09-29 11:37:36,404 basehttp 18608 4488 "POST /api/token/ HTTP/1.1" 200 8183
WARNING 2025-09-29 11:37:48,927 log 18608 7860 Method Not Allowed: /api/token/refresh/
WARNING 2025-09-29 11:37:48,929 basehttp 18608 7860 "GET /api/token/refresh/ HTTP/1.1" 405 7560
INFO 2025-09-29 11:37:48,957 basehttp 18608 7860 "GET /static/rest_framework/css/bootstrap.min.css HTTP/1.1" 304 0
INFO 2025-09-29 11:37:48,969 basehttp 18608 7860 "GET /static/rest_framework/css/bootstrap-tweaks.css HTTP/1.1" 304 0
INFO 2025-09-29 11:37:48,973 basehttp 18608 19632 "GET /static/rest_framework/css/prettify.css HTTP/1.1" 304 0
INFO 2025-09-29 11:37:48,975 basehttp 18608 8808 "GET /static/rest_framework/css/default.css HTTP/1.1" 304 0
INFO 2025-09-29 11:37:48,976 basehttp 18608 9080 "GET /static/rest_framework/js/jquery-3.5.1.min.js HTTP/1.1" 304 0
INFO 2025-09-29 11:37:48,977 basehttp 18608 7860 "GET /static/rest_framework/js/csrf.js HTTP/1.1" 304 0
INFO 2025-09-29 11:37:48,978 basehttp 18608 4880 "GET /static/rest_framework/js/ajax-form.js HTTP/1.1" 304 0
INFO 2025-09-29 11:37:48,979 basehttp 18608 16256 "GET /static/rest_framework/js/bootstrap.min.js HTTP/1.1" 304 0
INFO 2025-09-29 11:37:48,980 basehttp 18608 19632 "GET /static/rest_framework/js/prettify-min.js HTTP/1.1" 304 0
INFO 2025-09-29 11:37:48,980 basehttp 18608 8808 "GET /static/rest_framework/js/default.js HTTP/1.1" 304 0
INFO 2025-09-29 11:37:51,141 basehttp 18608 8808 "POST /api/token/refresh/ HTTP/1.1" 200 7998
